#-----------------------------------------------------------
# Vivado v2020.1 (64-bit)
# SW Build 2902540 on Wed May 27 19:54:49 MDT 2020
# IP Build 2902112 on Wed May 27 22:43:36 MDT 2020
# Start of session at: Thu Jan 14 10:38:45 2021
# Process ID: 24396
# Current directory: C:/Users/jlope.DESKTOP-3003JMM/Desktop/SED/TrabajoSED_VHDL/VHDL_Cafetera
# Command line: vivado.exe -gui_launcher_event rodinguilauncherevent13540 C:\Users\jlope.DESKTOP-3003JMM\Desktop\SED\TrabajoSED_VHDL\VHDL_Cafetera\VHDL_Cafetera.xpr
# Log file: C:/Users/jlope.DESKTOP-3003JMM/Desktop/SED/TrabajoSED_VHDL/VHDL_Cafetera/vivado.log
# Journal file: C:/Users/jlope.DESKTOP-3003JMM/Desktop/SED/TrabajoSED_VHDL/VHDL_Cafetera\vivado.jou
#-----------------------------------------------------------
start_guioopen_project C:/Users/jlope.DESKTOP-3003JMM/Desktop/SED/TrabajoSED_VHDL/VHDL_Cafetera/VHDL_Cafetera.xpr
INFO: [Project 1-313] Project file moved from 'C:/Users/Sergio/Desktop/TrabajoSED_VHDL/VHDL_Cafetera' since last save.
CRITICAL WARNING: [Project 1-311] Could not find the file 'C:/Users/jlope.DESKTOP-3003JMM/Desktop/SED/TrabajoSED_VHDL/Nexys-4-DDR-Master.xdc', nor could it be found using path 'C:/Users/Sergio/Desktop/TrabajoSED_VHDL/Nexys-4-DDR-Master.xdc'.
Scanning sources...
Finished scanning sources
INFO: [IP_Flow 19-234] Refreshing IP repositories
INFO: [IP_Flow 19-1704] No user IP repositories specified
INFO: [IP_Flow 19-2313] Loaded Vivado IP repository 'C:/Vivado/2020.1/data/ip'.
open_project: Time (s): cpu = 00:00:35 ; elapsed = 00:00:16 . Memory (MB): peak = 1026.477 ; gain = 0.000
update_compile_order -fileset sources_1exit
INFO: [Common 17-206] Exiting Vivado at Thu Jan 14 10:41:17 2021...

