#-----------------------------------------------------------
# Vivado v2020.1 (64-bit)
# SW Build 2902540 on Wed May 27 19:54:49 MDT 2020
# IP Build 2902112 on Wed May 27 22:43:36 MDT 2020
# Start of session at: Wed Jan 13 19:47:25 2021
# Process ID: 2816
# Current directory: C:/Users/Sergio/Desktop/TrabajoSED_VHDL/VHDL_Cafetera
# Command line: vivado.exe -gui_launcher_event rodinguilauncherevent9204 C:\Users\Sergio\Desktop\TrabajoSED_VHDL\VHDL_Cafetera\VHDL_Cafetera.xpr
# Log file: C:/Users/Sergio/Desktop/TrabajoSED_VHDL/VHDL_Cafetera/vivado.log
# Journal file: C:/Users/Sergio/Desktop/TrabajoSED_VHDL/VHDL_Cafetera\vivado.jou
#-----------------------------------------------------------
start_gui
open_project C:/Users/Sergio/Desktop/TrabajoSED_VHDL/VHDL_Cafetera/VHDL_Cafetera.xpr
CRITICAL WARNING: [Project 1-19] Could not find the file 'C:/Users/Sergio/Desktop/TrabajoSED_VHDL/Nexys-4-DDR-Master.xdc'.
Scanning sources...
Finished scanning sources
INFO: [IP_Flow 19-234] Refreshing IP repositories
INFO: [IP_Flow 19-1704] No user IP repositories specified
INFO: [IP_Flow 19-2313] Loaded Vivado IP repository 'D:/Vivado/Vivado/2020.1/data/ip'.
update_compile_order -fileset sources_1
