#-----------------------------------------------------------
# Vivado v2020.1 (64-bit)
# SW Build 2902540 on Wed May 27 19:54:49 MDT 2020
# IP Build 2902112 on Wed May 27 22:43:36 MDT 2020
# Start of session at: Wed Jan  6 02:27:18 2021
# Process ID: 5608
# Current directory: C:/Users/Sergio/Desktop/TrabajoSED_VHDL/VHDL_Cafetera
# Command line: vivado.exe -gui_launcher_event rodinguilauncherevent17504 C:\Users\Sergio\Desktop\TrabajoSED_VHDL\VHDL_Cafetera\VHDL_Cafetera.xpr
# Log file: C:/Users/Sergio/Desktop/TrabajoSED_VHDL/VHDL_Cafetera/vivado.log
# Journal file: C:/Users/Sergio/Desktop/TrabajoSED_VHDL/VHDL_Cafetera\vivado.jou
#-----------------------------------------------------------
start_gui
open_project C:/Users/Sergio/Desktop/TrabajoSED_VHDL/VHDL_Cafetera/VHDL_Cafetera.xpr
CRITICAL WARNING: [Project 1-19] Could not find the file 'C:/Users/Sergio/Desktop/TrabajoSED_VHDL/Nexys-4-DDR-Master.xdc'.
Scanning sources...
Finished scanning sources
INFO: [IP_Flow 19-234] Refreshing IP repositories
INFO: [IP_Flow 19-1704] No user IP repositories specified
INFO: [IP_Flow 19-2313] Loaded Vivado IP repository 'D:/Vivado/Vivado/2020.1/data/ip'.
update_compile_order -fileset sources_1
close [ open C:/Users/Sergio/Desktop/TrabajoSED_VHDL/VHDL_Cafetera/VHDL_Cafetera.srcs/sources_1/new/gestordisplay.vhd w ]
add_files C:/Users/Sergio/Desktop/TrabajoSED_VHDL/VHDL_Cafetera/VHDL_Cafetera.srcs/sources_1/new/gestordisplay.vhd
update_compile_order -fileset sources_1
close [ open C:/Users/Sergio/Desktop/TrabajoSED_VHDL/VHDL_Cafetera/VHDL_Cafetera.srcs/sources_1/new/stringtocathode.vhd w ]
add_files C:/Users/Sergio/Desktop/TrabajoSED_VHDL/VHDL_Cafetera/VHDL_Cafetera.srcs/sources_1/new/stringtocathode.vhd
update_compile_order -fileset sources_1
set_property SOURCE_SET sources_1 [get_filesets sim_1]
close [ open C:/Users/Sergio/Desktop/TrabajoSED_VHDL/VHDL_Cafetera/VHDL_Cafetera.srcs/sim_1/new/gestordisplay_tb.vhd w ]
add_files -fileset sim_1 C:/Users/Sergio/Desktop/TrabajoSED_VHDL/VHDL_Cafetera/VHDL_Cafetera.srcs/sim_1/new/gestordisplay_tb.vhd
update_compile_order -fileset sim_1
set_property SOURCE_SET sources_1 [get_filesets sim_1]
close [ open C:/Users/Sergio/Desktop/TrabajoSED_VHDL/VHDL_Cafetera/VHDL_Cafetera.srcs/sim_1/new/stringtocathode_tb.vhd w ]
add_files -fileset sim_1 C:/Users/Sergio/Desktop/TrabajoSED_VHDL/VHDL_Cafetera/VHDL_Cafetera.srcs/sim_1/new/stringtocathode_tb.vhd
update_compile_order -fileset sim_1
set_property top cfg_tb_gestordisplay [get_filesets sim_1]
set_property top_lib xil_defaultlib [get_filesets sim_1]
update_compile_order -fileset sim_1
launch_simulation
Command: launch_simulation 
INFO: [Vivado 12-5682] Launching behavioral simulation in 'C:/Users/Sergio/Desktop/TrabajoSED_VHDL/VHDL_Cafetera/VHDL_Cafetera.sim/sim_1/behav/xsim'
INFO: [SIM-utils-51] Simulation object is 'sim_1'
INFO: [SIM-utils-54] Inspecting design source files for 'cfg_tb_gestordisplay' in fileset 'sim_1'...
INFO: [USF-XSim-97] Finding global include files...
INFO: [USF-XSim-98] Fetching design files from 'sim_1'...
INFO: [USF-XSim-2] XSim::Compile design
INFO: [USF-XSim-61] Executing 'COMPILE and ANALYZE' step in 'C:/Users/Sergio/Desktop/TrabajoSED_VHDL/VHDL_Cafetera/VHDL_Cafetera.sim/sim_1/behav/xsim'
"xvhdl --incr --relax -prj cfg_tb_gestordisplay_vhdl.prj"
INFO: [VRFC 10-163] Analyzing VHDL file "C:/Users/Sergio/Desktop/TrabajoSED_VHDL/VHDL_Cafetera/VHDL_Cafetera.srcs/sources_1/new/gestordisplay.vhd" into library xil_defaultlib
INFO: [VRFC 10-3107] analyzing entity 'gestordisplay'
INFO: [VRFC 10-163] Analyzing VHDL file "C:/Users/Sergio/Desktop/TrabajoSED_VHDL/VHDL_Cafetera/VHDL_Cafetera.srcs/sim_1/new/gestordisplay_tb.vhd" into library xil_defaultlib
INFO: [VRFC 10-3107] analyzing entity 'tb_gestordisplay'
INFO: [USF-XSim-69] 'compile' step finished in '1' seconds
INFO: [USF-XSim-3] XSim::Elaborate design
INFO: [USF-XSim-61] Executing 'ELABORATE' step in 'C:/Users/Sergio/Desktop/TrabajoSED_VHDL/VHDL_Cafetera/VHDL_Cafetera.sim/sim_1/behav/xsim'
"xelab -wto fc0bdbb37980425cabebf7a2e4a29018 --incr --debug typical --relax --mt 2 -L xil_defaultlib -L secureip --snapshot cfg_tb_gestordisplay_behav xil_defaultlib.cfg_tb_gestordisplay -log elaborate.log"
Vivado Simulator 2020.1
Copyright 1986-1999, 2001-2020 Xilinx, Inc. All Rights Reserved.
Running: D:/Vivado/Vivado/2020.1/bin/unwrapped/win64.o/xelab.exe -wto fc0bdbb37980425cabebf7a2e4a29018 --incr --debug typical --relax --mt 2 -L xil_defaultlib -L secureip --snapshot cfg_tb_gestordisplay_behav xil_defaultlib.cfg_tb_gestordisplay -log elaborate.log 
Using 2 slave threads.
Starting static elaboration
Completed static elaboration
Starting simulation data flow analysis
Completed simulation data flow analysis
Time Resolution for simulation is 1ps
Compiling package std.standard
Compiling package std.textio
Compiling package ieee.std_logic_1164
Compiling architecture behavioral of entity xil_defaultlib.gestordisplay [gestordisplay_default]
Compiling architecture tb of entity xil_defaultlib.tb_gestordisplay [tb_gestordisplay]
Built simulation snapshot cfg_tb_gestordisplay_behav

****** Webtalk v2020.1 (64-bit)
  **** SW Build 2902540 on Wed May 27 19:54:49 MDT 2020
  **** IP Build 2902112 on Wed May 27 22:43:36 MDT 2020
    ** Copyright 1986-2020 Xilinx, Inc. All Rights Reserved.

source C:/Users/Sergio/Desktop/TrabajoSED_VHDL/VHDL_Cafetera/VHDL_Cafetera.sim/sim_1/behav/xsim/xsim.dir/cfg_tb_gestordisplay_behav/webtalk/xsim_webtalk.tcl -notrace
INFO: [Common 17-186] 'C:/Users/Sergio/Desktop/TrabajoSED_VHDL/VHDL_Cafetera/VHDL_Cafetera.sim/sim_1/behav/xsim/xsim.dir/cfg_tb_gestordisplay_behav/webtalk/usage_statistics_ext_xsim.xml' has been successfully sent to Xilinx on Wed Jan  6 02:34:27 2021. For additional details about this file, please refer to the WebTalk help file at D:/Vivado/Vivado/2020.1/doc/webtalk_introduction.html.
INFO: [Common 17-206] Exiting Webtalk at Wed Jan  6 02:34:27 2021...
run_program: Time (s): cpu = 00:00:00 ; elapsed = 00:00:05 . Memory (MB): peak = 1028.277 ; gain = 0.000
INFO: [USF-XSim-69] 'elaborate' step finished in '6' seconds
INFO: [USF-XSim-4] XSim::Simulate design
INFO: [USF-XSim-61] Executing 'SIMULATE' step in 'C:/Users/Sergio/Desktop/TrabajoSED_VHDL/VHDL_Cafetera/VHDL_Cafetera.sim/sim_1/behav/xsim'
INFO: [USF-XSim-98] *** Running xsim
   with args "cfg_tb_gestordisplay_behav -key {Behavioral:sim_1:Functional:cfg_tb_gestordisplay} -tclbatch {cfg_tb_gestordisplay.tcl} -log {simulate.log}"
INFO: [USF-XSim-8] Loading simulator feature
Vivado Simulator 2020.1
Time resolution is 1 ps
source cfg_tb_gestordisplay.tcl
# set curr_wave [current_wave_config]
# if { [string length $curr_wave] == 0 } {
#   if { [llength [get_objects]] > 0} {
#     add_wave /
#     set_property needs_save false [current_wave_config]
#   } else {
#      send_msg_id Add_Wave-1 WARNING "No top level signals found. Simulator will start without a wave window. If you want to open a wave window go to 'File->New Waveform Configuration' or type 'create_wave_config' in the TCL console."
#   }
# }
# run 1000ns
INFO: [USF-XSim-96] XSim completed. Design snapshot 'cfg_tb_gestordisplay_behav' loaded.
INFO: [USF-XSim-97] XSim simulation ran for 1000ns
launch_simulation: Time (s): cpu = 00:00:05 ; elapsed = 00:00:10 . Memory (MB): peak = 1028.277 ; gain = 0.000
close_sim
INFO: [Simtcl 6-16] Simulation closed
close_sim: Time (s): cpu = 00:00:02 ; elapsed = 00:00:06 . Memory (MB): peak = 1028.277 ; gain = 0.000
set_property top cfg_tb_stringtocathode [get_filesets sim_1]
set_property top_lib xil_defaultlib [get_filesets sim_1]
update_compile_order -fileset sim_1
launch_simulation
Command: launch_simulation 
INFO: [Vivado 12-5682] Launching behavioral simulation in 'C:/Users/Sergio/Desktop/TrabajoSED_VHDL/VHDL_Cafetera/VHDL_Cafetera.sim/sim_1/behav/xsim'
INFO: [SIM-utils-51] Simulation object is 'sim_1'
INFO: [SIM-utils-54] Inspecting design source files for 'cfg_tb_stringtocathode' in fileset 'sim_1'...
INFO: [USF-XSim-97] Finding global include files...
INFO: [USF-XSim-98] Fetching design files from 'sim_1'...
INFO: [USF-XSim-2] XSim::Compile design
INFO: [USF-XSim-61] Executing 'COMPILE and ANALYZE' step in 'C:/Users/Sergio/Desktop/TrabajoSED_VHDL/VHDL_Cafetera/VHDL_Cafetera.sim/sim_1/behav/xsim'
"xvhdl --incr --relax -prj cfg_tb_stringtocathode_vhdl.prj"
INFO: [VRFC 10-163] Analyzing VHDL file "C:/Users/Sergio/Desktop/TrabajoSED_VHDL/VHDL_Cafetera/VHDL_Cafetera.srcs/sources_1/new/stringtocathode.vhd" into library xil_defaultlib
INFO: [VRFC 10-3107] analyzing entity 'stringtocathode'
INFO: [VRFC 10-163] Analyzing VHDL file "C:/Users/Sergio/Desktop/TrabajoSED_VHDL/VHDL_Cafetera/VHDL_Cafetera.srcs/sim_1/new/stringtocathode_tb.vhd" into library xil_defaultlib
INFO: [VRFC 10-3107] analyzing entity 'tb_stringtocathode'
INFO: [USF-XSim-69] 'compile' step finished in '1' seconds
INFO: [USF-XSim-3] XSim::Elaborate design
INFO: [USF-XSim-61] Executing 'ELABORATE' step in 'C:/Users/Sergio/Desktop/TrabajoSED_VHDL/VHDL_Cafetera/VHDL_Cafetera.sim/sim_1/behav/xsim'
"xelab -wto fc0bdbb37980425cabebf7a2e4a29018 --incr --debug typical --relax --mt 2 -L xil_defaultlib -L secureip --snapshot cfg_tb_stringtocathode_behav xil_defaultlib.cfg_tb_stringtocathode -log elaborate.log"
Vivado Simulator 2020.1
Copyright 1986-1999, 2001-2020 Xilinx, Inc. All Rights Reserved.
Running: D:/Vivado/Vivado/2020.1/bin/unwrapped/win64.o/xelab.exe -wto fc0bdbb37980425cabebf7a2e4a29018 --incr --debug typical --relax --mt 2 -L xil_defaultlib -L secureip --snapshot cfg_tb_stringtocathode_behav xil_defaultlib.cfg_tb_stringtocathode -log elaborate.log 
Using 2 slave threads.
Starting static elaboration
Completed static elaboration
Starting simulation data flow analysis
Completed simulation data flow analysis
Time Resolution for simulation is 1ps
Compiling package std.standard
Compiling package std.textio
Compiling package ieee.std_logic_1164
Compiling architecture dataflow of entity xil_defaultlib.stringtocathode [stringtocathode_default]
Compiling architecture tb of entity xil_defaultlib.tb_stringtocathode [tb_stringtocathode]
Built simulation snapshot cfg_tb_stringtocathode_behav

****** Webtalk v2020.1 (64-bit)
  **** SW Build 2902540 on Wed May 27 19:54:49 MDT 2020
  **** IP Build 2902112 on Wed May 27 22:43:36 MDT 2020
    ** Copyright 1986-2020 Xilinx, Inc. All Rights Reserved.

source C:/Users/Sergio/Desktop/TrabajoSED_VHDL/VHDL_Cafetera/VHDL_Cafetera.sim/sim_1/behav/xsim/xsim.dir/cfg_tb_stringtocathode_behav/webtalk/xsim_webtalk.tcl -notrace
INFO: [Common 17-186] 'C:/Users/Sergio/Desktop/TrabajoSED_VHDL/VHDL_Cafetera/VHDL_Cafetera.sim/sim_1/behav/xsim/xsim.dir/cfg_tb_stringtocathode_behav/webtalk/usage_statistics_ext_xsim.xml' has been successfully sent to Xilinx on Wed Jan  6 02:35:23 2021. For additional details about this file, please refer to the WebTalk help file at D:/Vivado/Vivado/2020.1/doc/webtalk_introduction.html.
INFO: [Common 17-206] Exiting Webtalk at Wed Jan  6 02:35:23 2021...
run_program: Time (s): cpu = 00:00:00 ; elapsed = 00:00:05 . Memory (MB): peak = 1028.277 ; gain = 0.000
INFO: [USF-XSim-69] 'elaborate' step finished in '6' seconds
INFO: [USF-XSim-4] XSim::Simulate design
INFO: [USF-XSim-61] Executing 'SIMULATE' step in 'C:/Users/Sergio/Desktop/TrabajoSED_VHDL/VHDL_Cafetera/VHDL_Cafetera.sim/sim_1/behav/xsim'
INFO: [USF-XSim-98] *** Running xsim
   with args "cfg_tb_stringtocathode_behav -key {Behavioral:sim_1:Functional:cfg_tb_stringtocathode} -tclbatch {cfg_tb_stringtocathode.tcl} -log {simulate.log}"
INFO: [USF-XSim-8] Loading simulator feature
Vivado Simulator 2020.1
Time resolution is 1 ps
source cfg_tb_stringtocathode.tcl
# set curr_wave [current_wave_config]
# if { [string length $curr_wave] == 0 } {
#   if { [llength [get_objects]] > 0} {
#     add_wave /
#     set_property needs_save false [current_wave_config]
#   } else {
#      send_msg_id Add_Wave-1 WARNING "No top level signals found. Simulator will start without a wave window. If you want to open a wave window go to 'File->New Waveform Configuration' or type 'create_wave_config' in the TCL console."
#   }
# }
# run 1000ns
INFO: [USF-XSim-96] XSim completed. Design snapshot 'cfg_tb_stringtocathode_behav' loaded.
INFO: [USF-XSim-97] XSim simulation ran for 1000ns
launch_simulation: Time (s): cpu = 00:00:04 ; elapsed = 00:00:09 . Memory (MB): peak = 1028.277 ; gain = 0.000
close_sim
INFO: [Simtcl 6-16] Simulation closed
close_sim: Time (s): cpu = 00:00:02 ; elapsed = 00:00:06 . Memory (MB): peak = 1028.277 ; gain = 0.000
exit
INFO: [Common 17-206] Exiting Vivado at Wed Jan  6 02:37:52 2021...
